<?xml version="1.0" encoding="UTF-8"?>
<testsuite xmlns:xsi="http://www.w3.org/2001/XMLSchema-instance" xsi:noNamespaceSchemaLocation="https://maven.apache.org/surefire/maven-surefire-plugin/xsd/surefire-test-report.xsd" name="one.mainTest" time="18.283" tests="3" errors="0" skipped="0" failures="0">
  <properties>
[...]
</properties>
  <testcase name="junitTest2" classname="one.mainTest" time="0.094"/>
  <testcase name="secondJunitTest" classname="one.mainTest" time="0"/>
  <testcase name="junitTest" classname="one.mainTest" time="4.141"/>
</testsuite>